<!DOCTYPE suite SYSTEM "https://testng.org/testng-1.0.dtd" >
<suite name="AllTests">
  <test name="ShoppingTest">
    <classes>
      <class name="com.strenger.interviewtest.GuruTest"/>
      <class name="com.strenger.interviewtest.ShoppingTest"/>
      <class name="com.strenger.interviewtest.TextEditorTest"/>
      <class name="com.strenger.interviewtest.RestTest"/>
    </classes>
  </test>
</suite>
