<!DOCTYPE suite SYSTEM "https://testng.org/testng-1.0.dtd" >
<suite name="SDET Interview Task">
  <test name="UI tests">
    <classes>
      <class name="com.strenger.interviewtest.GuruTest"/>
      <class name="com.strenger.interviewtest.TextEditorTest"/>
      <class name="com.strenger.interviewtest.ShoppingTest"/>
    </classes>
  </test>
  <test name="API tests">
    <classes>
      <class name="com.strenger.interviewtest.RestTest"/>
    </classes>
  </test>
</suite>
